  Building Custom Rule E:/workspace/funra/source/3rd/lua/5.4.3/CMakeLists.txt
  CMake does not need to re-run because E:/workspace/funra/proj/vs2017/3rd/lua/5.4.3/CMakeFiles/generate.stamp is up-to-date.
  lapi.c
  lcode.c
  lctype.c
  ldebug.c
  ldo.c
  ldump.c
  lfunc.c
  lgc.c
  llex.c
  lmem.c
  lobject.c
  lopcodes.c
  lparser.c
  lstate.c
  lstring.c
  ltable.c
  ltm.c
  lundump.c
  lvm.c
  lzio.c
  lauxlib.c
  lbaselib.c
  lcorolib.c
  ldblib.c
  liolib.c
  lmathlib.c
  loslib.c
  lstrlib.c
  ltablib.c
  lutf8lib.c
  loadlib.c
  linit.c
  lua.vcxproj -> E:\workspace\funra\build\lib\Windows_AMD64\3rd\luad.lib
