e:\workspace\funra\proj\vs2017\3rd\libuv\1.42.0\uv_a.dir\release\fs-poll.obj
e:\workspace\funra\proj\vs2017\3rd\libuv\1.42.0\uv_a.dir\release\uv-common.obj
e:\workspace\funra\proj\vs2017\3rd\libuv\1.42.0\uv_a.dir\release\fs.obj
e:\workspace\funra\proj\vs2017\3rd\libuv\1.42.0\uv_a.dir\release\thread.obj
e:\workspace\funra\proj\vs2017\3rd\libuv\1.42.0\uv_a.dir\release\snprintf.obj
e:\workspace\funra\proj\vs2017\3rd\libuv\1.42.0\uv_a.dir\release\stream.obj
e:\workspace\funra\proj\vs2017\3rd\libuv\1.42.0\uv_a.dir\release\winsock.obj
e:\workspace\funra\proj\vs2017\3rd\libuv\1.42.0\uv_a.dir\release\idna.obj
e:\workspace\funra\proj\vs2017\3rd\libuv\1.42.0\uv_a.dir\release\timer.obj
e:\workspace\funra\proj\vs2017\3rd\libuv\1.42.0\uv_a.dir\release\detect-wakeup.obj
e:\workspace\funra\proj\vs2017\3rd\libuv\1.42.0\uv_a.dir\release\loop-watcher.obj
e:\workspace\funra\proj\vs2017\3rd\libuv\1.42.0\uv_a.dir\release\signal.obj
e:\workspace\funra\proj\vs2017\3rd\libuv\1.42.0\uv_a.dir\release\util.obj
e:\workspace\funra\proj\vs2017\3rd\libuv\1.42.0\uv_a.dir\release\inet.obj
e:\workspace\funra\proj\vs2017\3rd\libuv\1.42.0\uv_a.dir\release\uv-data-getter-setters.obj
e:\workspace\funra\proj\vs2017\3rd\libuv\1.42.0\uv_a.dir\release\error.obj
e:\workspace\funra\proj\vs2017\3rd\libuv\1.42.0\uv_a.dir\release\handle.obj
e:\workspace\funra\proj\vs2017\3rd\libuv\1.42.0\uv_a.dir\release\process-stdio.obj
e:\workspace\funra\proj\vs2017\3rd\libuv\1.42.0\uv_a.dir\release\winapi.obj
e:\workspace\funra\proj\vs2017\3rd\libuv\1.42.0\uv_a.dir\release\threadpool.obj
e:\workspace\funra\proj\vs2017\3rd\libuv\1.42.0\uv_a.dir\release\version.obj
e:\workspace\funra\proj\vs2017\3rd\libuv\1.42.0\uv_a.dir\release\dl.obj
e:\workspace\funra\proj\vs2017\3rd\libuv\1.42.0\uv_a.dir\release\getnameinfo.obj
e:\workspace\funra\proj\vs2017\3rd\libuv\1.42.0\uv_a.dir\release\process.obj
e:\workspace\funra\proj\vs2017\3rd\libuv\1.42.0\uv_a.dir\release\tty.obj
e:\workspace\funra\proj\vs2017\3rd\libuv\1.42.0\uv_a.dir\release\strscpy.obj
e:\workspace\funra\proj\vs2017\3rd\libuv\1.42.0\uv_a.dir\release\async.obj
e:\workspace\funra\proj\vs2017\3rd\libuv\1.42.0\uv_a.dir\release\fs-event.obj
e:\workspace\funra\proj\vs2017\3rd\libuv\1.42.0\uv_a.dir\release\pipe.obj
e:\workspace\funra\proj\vs2017\3rd\libuv\1.42.0\uv_a.dir\release\udp.obj
e:\workspace\funra\proj\vs2017\3rd\libuv\1.42.0\uv_a.dir\release\random.obj
e:\workspace\funra\proj\vs2017\3rd\libuv\1.42.0\uv_a.dir\release\core.obj
e:\workspace\funra\proj\vs2017\3rd\libuv\1.42.0\uv_a.dir\release\getaddrinfo.obj
e:\workspace\funra\proj\vs2017\3rd\libuv\1.42.0\uv_a.dir\release\poll.obj
e:\workspace\funra\proj\vs2017\3rd\libuv\1.42.0\uv_a.dir\release\tcp.obj
e:\workspace\funra\proj\vs2017\3rd\libuv\1.42.0\cmakefiles\generate.stamp
e:\workspace\funra\proj\vs2017\3rd\libuv\1.42.0\release\uv_a.lib
e:\workspace\funra\proj\vs2017\3rd\libuv\1.42.0\uv_a.dir\release\uv_a.tlog\cl.22012.write.1.tlog
e:\workspace\funra\proj\vs2017\3rd\libuv\1.42.0\uv_a.dir\release\uv_a.tlog\cl.command.1.tlog
e:\workspace\funra\proj\vs2017\3rd\libuv\1.42.0\uv_a.dir\release\uv_a.tlog\cl.read.1.tlog
e:\workspace\funra\proj\vs2017\3rd\libuv\1.42.0\uv_a.dir\release\uv_a.tlog\custombuild.command.1.tlog
e:\workspace\funra\proj\vs2017\3rd\libuv\1.42.0\uv_a.dir\release\uv_a.tlog\custombuild.read.1.tlog
e:\workspace\funra\proj\vs2017\3rd\libuv\1.42.0\uv_a.dir\release\uv_a.tlog\custombuild.write.1.tlog
e:\workspace\funra\proj\vs2017\3rd\libuv\1.42.0\uv_a.dir\release\uv_a.tlog\lib-link.read.1.tlog
e:\workspace\funra\proj\vs2017\3rd\libuv\1.42.0\uv_a.dir\release\uv_a.tlog\lib-link.write.1.tlog
e:\workspace\funra\proj\vs2017\3rd\libuv\1.42.0\uv_a.dir\release\uv_a.tlog\lib.command.1.tlog
