  Building Custom Rule E:/workspace/funra/source/3rd/libuv/1.42.0/CMakeLists.txt
  CMake does not need to re-run because E:/workspace/funra/proj/vs2017/3rd/libuv/1.42.0/CMakeFiles/generate.stamp is up-to-date.
  fs-poll.c
  idna.c
  inet.c
  random.c
  strscpy.c
  threadpool.c
E:\workspace\funra\source\3rd\libuv\1.42.0\src\idna.c(34): warning C4245: “return”: 从“int”转换到“unsigned int”，有符号/无符号不匹配
E:\workspace\funra\source\3rd\libuv\1.42.0\src\idna.c(68): warning C4245: “return”: 从“int”转换到“unsigned int”，有符号/无符号不匹配
E:\workspace\funra\source\3rd\libuv\1.42.0\src\idna.c(72): warning C4245: “return”: 从“int”转换到“unsigned int”，有符号/无符号不匹配
E:\workspace\funra\source\3rd\libuv\1.42.0\src\idna.c(80): warning C4245: “return”: 从“int”转换到“unsigned int”，有符号/无符号不匹配
E:\workspace\funra\source\3rd\libuv\1.42.0\src\idna.c(83): warning C4245: “return”: 从“int”转换到“unsigned int”，有符号/无符号不匹配
E:\workspace\funra\source\3rd\libuv\1.42.0\src\idna.c(86): warning C4245: “return”: 从“int”转换到“unsigned int”，有符号/无符号不匹配
E:\workspace\funra\source\3rd\libuv\1.42.0\src\idna.c(132): warning C4146: 一元负运算符应用于无符号类型，结果仍为无符号类型
E:\workspace\funra\source\3rd\libuv\1.42.0\src\idna.c(160): warning C4244: “=”: 从“unsigned int”转换到“char”，可能丢失数据
E:\workspace\funra\source\3rd\libuv\1.42.0\src\idna.c(180): warning C4245: “=”: 从“int”转换到“unsigned int”，有符号/无符号不匹配
E:\workspace\funra\source\3rd\libuv\1.42.0\src\idna.c(283): warning C4146: 一元负运算符应用于无符号类型，结果仍为无符号类型
E:\workspace\funra\source\3rd\libuv\1.42.0\src\idna.c(313): warning C4244: “return”: 从“__int64”转换到“long”，可能丢失数据
E:\workspace\funra\source\3rd\libuv\1.42.0\src\fs-poll.c(200): warning C4244: “函数”: 从“ssize_t”转换到“int”，可能丢失数据
E:\workspace\funra\source\3rd\libuv\1.42.0\src\fs-poll.c(203): warning C4244: “=”: 从“ssize_t”转换到“int”，可能丢失数据
E:\workspace\funra\source\3rd\libuv\1.42.0\src\inet.c(165): warning C4244: “=”: 从“__int64”转换到“int”，可能丢失数据
E:\workspace\funra\source\3rd\libuv\1.42.0\src\inet.c(198): warning C4244: “=”: 从“unsigned int”转换到“unsigned char”，可能丢失数据
E:\workspace\funra\source\3rd\libuv\1.42.0\src\inet.c(192): warning C4244: “初始化”: 从“__int64”转换到“unsigned int”，可能丢失数据
E:\workspace\funra\source\3rd\libuv\1.42.0\src\inet.c(288): warning C4244: “初始化”: 从“__int64”转换到“const int”，可能丢失数据
  timer.c
  uv-common.c
  uv-data-getter-setters.c
  version.c
  async.c
  core.c
E:\workspace\funra\source\3rd\libuv\1.42.0\src\uv-common.c(137): warning C4245: “return”: 从“int”转换到“size_t”，有符号/无符号不匹配
E:\workspace\funra\source\3rd\libuv\1.42.0\src\uv-common.c(145): warning C4245: “return”: 从“int”转换到“size_t”，有符号/无符号不匹配
E:\workspace\funra\source\3rd\libuv\1.42.0\src\uv-common.c(224): warning C4244: “函数”: 从“int”转换到“u_short”，可能丢失数据
E:\workspace\funra\source\3rd\libuv\1.42.0\src\uv-common.c(239): warning C4244: “函数”: 从“int”转换到“u_short”，可能丢失数据
E:\workspace\funra\source\3rd\libuv\1.42.0\src\uv-common.c(658): warning C4244: “return”: 从“ssize_t”转换到“int”，可能丢失数据
  detect-wakeup.c
  dl.c
  error.c
  fs.c
  fs-event.c
E:\workspace\funra\source\3rd\libuv\1.42.0\src\win\core.c(452): warning C4244: “=”: 从“uint64_t”转换到“DWORD”，可能丢失数据
E:\workspace\funra\source\3rd\libuv\1.42.0\src\win\core.c(533): warning C4244: “=”: 从“uint64_t”转换到“DWORD”，可能丢失数据
e:\workspace\funra\source\3rd\libuv\1.42.0\src\win\core.c(452): warning C4701: 使用了可能未初始化的局部变量“user_timeout”
e:\workspace\funra\source\3rd\libuv\1.42.0\src\win\core.c(533): warning C4701: 使用了可能未初始化的局部变量“user_timeout”
  getaddrinfo.c
E:\workspace\funra\source\3rd\libuv\1.42.0\src\win\fs.c(104): warning C4244: “+=”: 从“double”转换到“long”，可能丢失数据
E:\workspace\funra\source\3rd\libuv\1.42.0\src\win\fs.c(208): warning C4244: “函数”: 从“ssize_t”转换到“int”，可能丢失数据
E:\workspace\funra\source\3rd\libuv\1.42.0\src\win\fs.c(222): warning C4244: “函数”: 从“ssize_t”转换到“int”，可能丢失数据
E:\workspace\funra\source\3rd\libuv\1.42.0\src\win\fs.c(419): warning C4267: “=”: 从“size_t”转换到“DWORD”，可能丢失数据
  getnameinfo.c
E:\workspace\funra\source\3rd\libuv\1.42.0\src\win\fs.c(1336): warning C4245: “=”: 从“int”转换到“DWORD”，有符号/无符号不匹配
E:\workspace\funra\source\3rd\libuv\1.42.0\src\win\fs.c(1448): warning C4267: “函数”: 从“size_t”转换到“int”，可能丢失数据
E:\workspace\funra\source\3rd\libuv\1.42.0\src\win\fs.c(1480): warning C4267: “函数”: 从“size_t”转换到“int”，可能丢失数据
E:\workspace\funra\source\3rd\libuv\1.42.0\src\win\fs.c(1482): warning C4267: “函数”: 从“size_t”转换到“int”，可能丢失数据
E:\workspace\funra\source\3rd\libuv\1.42.0\src\win\fs-event.c(483): warning C4267: “=”: 从“size_t”转换到“int”，可能丢失数据
E:\workspace\funra\source\3rd\libuv\1.42.0\src\win\fs.c(2110): warning C4267: “函数”: 从“size_t”转换到“unsigned int”，可能丢失数据
E:\workspace\funra\source\3rd\libuv\1.42.0\src\win\fs.c(2156): warning C4245: “=”: 从“int”转换到“DWORD”，有符号/无符号不匹配
E:\workspace\funra\source\3rd\libuv\1.42.0\src\win\fs.c(2260): warning C4244: “初始化”: 从“double”转换到“int64_t”，可能丢失数据
E:\workspace\funra\source\3rd\libuv\1.42.0\src\win\fs.c(2261): warning C4244: “初始化”: 从“double”转换到“int64_t”，可能丢失数据
E:\workspace\funra\source\3rd\libuv\1.42.0\src\win\fs.c(2380): warning C4267: “=”: 从“size_t”转换到“int”，可能丢失数据
E:\workspace\funra\source\3rd\libuv\1.42.0\src\win\fs.c(2437): warning C4267: “=”: 从“size_t”转换到“USHORT”，可能丢失数据
E:\workspace\funra\source\3rd\libuv\1.42.0\src\win\fs.c(2438): warning C4267: “=”: 从“size_t”转换到“USHORT”，可能丢失数据
E:\workspace\funra\source\3rd\libuv\1.42.0\src\win\fs.c(2466): warning C4267: “=”: 从“size_t”转换到“USHORT”，可能丢失数据
E:\workspace\funra\source\3rd\libuv\1.42.0\src\win\fs.c(2467): warning C4267: “=”: 从“size_t”转换到“USHORT”，可能丢失数据
E:\workspace\funra\source\3rd\libuv\1.42.0\src\win\fs.c(2480): warning C4244: “=”: 从“int”转换到“USHORT”，可能丢失数据
E:\workspace\funra\source\3rd\libuv\1.42.0\src\win\fs.c(2736): warning C4267: “函数”: 从“size_t”转换到“DWORD”，可能丢失数据
E:\workspace\funra\source\3rd\libuv\1.42.0\src\win\fs.c(2885): warning C4244: “return”: 从“ssize_t”转换到“int”，可能丢失数据
E:\workspace\funra\source\3rd\libuv\1.42.0\src\win\fs.c(2890): warning C4244: “return”: 从“ssize_t”转换到“int”，可能丢失数据
E:\workspace\funra\source\3rd\libuv\1.42.0\src\win\fs.c(2897): warning C4244: “return”: 从“ssize_t”转换到“int”，可能丢失数据
E:\workspace\funra\source\3rd\libuv\1.42.0\src\win\fs.c(2930): warning C4244: “return”: 从“ssize_t”转换到“int”，可能丢失数据
E:\workspace\funra\source\3rd\libuv\1.42.0\src\win\fs.c(2963): warning C4244: “return”: 从“ssize_t”转换到“int”，可能丢失数据
E:\workspace\funra\source\3rd\libuv\1.42.0\src\win\fs.c(2975): warning C4244: “return”: 从“ssize_t”转换到“int”，可能丢失数据
E:\workspace\funra\source\3rd\libuv\1.42.0\src\win\fs.c(2978): warning C4244: “return”: 从“ssize_t”转换到“int”，可能丢失数据
E:\workspace\funra\source\3rd\libuv\1.42.0\src\win\fs.c(2990): warning C4244: “return”: 从“ssize_t”转换到“int”，可能丢失数据
E:\workspace\funra\source\3rd\libuv\1.42.0\src\win\fs.c(2994): warning C4244: “return”: 从“ssize_t”转换到“int”，可能丢失数据
E:\workspace\funra\source\3rd\libuv\1.42.0\src\win\fs.c(3008): warning C4244: “return”: 从“ssize_t”转换到“int”，可能丢失数据
E:\workspace\funra\source\3rd\libuv\1.42.0\src\win\fs.c(3011): warning C4244: “return”: 从“ssize_t”转换到“int”，可能丢失数据
E:\workspace\funra\source\3rd\libuv\1.42.0\src\win\fs.c(3025): warning C4244: “return”: 从“ssize_t”转换到“int”，可能丢失数据
E:\workspace\funra\source\3rd\libuv\1.42.0\src\win\fs.c(3028): warning C4244: “return”: 从“ssize_t”转换到“int”，可能丢失数据
E:\workspace\funra\source\3rd\libuv\1.42.0\src\win\fs.c(3039): warning C4244: “return”: 从“ssize_t”转换到“int”，可能丢失数据
E:\workspace\funra\source\3rd\libuv\1.42.0\src\win\fs.c(3042): warning C4244: “return”: 从“ssize_t”转换到“int”，可能丢失数据
E:\workspace\funra\source\3rd\libuv\1.42.0\src\win\fs.c(3054): warning C4244: “return”: 从“ssize_t”转换到“int”，可能丢失数据
E:\workspace\funra\source\3rd\libuv\1.42.0\src\win\fs.c(3058): warning C4244: “return”: 从“ssize_t”转换到“int”，可能丢失数据
E:\workspace\funra\source\3rd\libuv\1.42.0\src\win\fs.c(3071): warning C4244: “return”: 从“ssize_t”转换到“int”，可能丢失数据
E:\workspace\funra\source\3rd\libuv\1.42.0\src\win\fs.c(3073): warning C4244: “return”: 从“ssize_t”转换到“int”，可能丢失数据
E:\workspace\funra\source\3rd\libuv\1.42.0\src\win\fs.c(3090): warning C4244: “return”: 从“ssize_t”转换到“int”，可能丢失数据
E:\workspace\funra\source\3rd\libuv\1.42.0\src\win\fs.c(3103): warning C4244: “return”: 从“ssize_t”转换到“int”，可能丢失数据
E:\workspace\funra\source\3rd\libuv\1.42.0\src\win\fs.c(3114): warning C4244: “return”: 从“ssize_t”转换到“int”，可能丢失数据
E:\workspace\funra\source\3rd\libuv\1.42.0\src\win\fs.c(3117): warning C4244: “return”: 从“ssize_t”转换到“int”，可能丢失数据
E:\workspace\funra\source\3rd\libuv\1.42.0\src\win\fs.c(3129): warning C4244: “return”: 从“ssize_t”转换到“int”，可能丢失数据
E:\workspace\funra\source\3rd\libuv\1.42.0\src\win\fs.c(3133): warning C4244: “return”: 从“ssize_t”转换到“int”，可能丢失数据
E:\workspace\funra\source\3rd\libuv\1.42.0\src\win\fs.c(3145): warning C4244: “return”: 从“ssize_t”转换到“int”，可能丢失数据
E:\workspace\funra\source\3rd\libuv\1.42.0\src\win\fs.c(3148): warning C4244: “return”: 从“ssize_t”转换到“int”，可能丢失数据
E:\workspace\funra\source\3rd\libuv\1.42.0\src\win\fs.c(3166): warning C4244: “return”: 从“ssize_t”转换到“int”，可能丢失数据
E:\workspace\funra\source\3rd\libuv\1.42.0\src\win\fs.c(3169): warning C4244: “return”: 从“ssize_t”转换到“int”，可能丢失数据
E:\workspace\funra\source\3rd\libuv\1.42.0\src\win\fs.c(3181): warning C4244: “return”: 从“ssize_t”转换到“int”，可能丢失数据
E:\workspace\funra\source\3rd\libuv\1.42.0\src\win\fs.c(3184): warning C4244: “return”: 从“ssize_t”转换到“int”，可能丢失数据
E:\workspace\funra\source\3rd\libuv\1.42.0\src\win\fs.c(3191): warning C4244: “return”: 从“ssize_t”转换到“int”，可能丢失数据
E:\workspace\funra\source\3rd\libuv\1.42.0\src\win\fs.c(3203): warning C4244: “return”: 从“ssize_t”转换到“int”，可能丢失数据
E:\workspace\funra\source\3rd\libuv\1.42.0\src\win\fs.c(3206): warning C4244: “return”: 从“ssize_t”转换到“int”，可能丢失数据
E:\workspace\funra\source\3rd\libuv\1.42.0\src\win\fs.c(3217): warning C4244: “return”: 从“ssize_t”转换到“int”，可能丢失数据
E:\workspace\funra\source\3rd\libuv\1.42.0\src\win\fs.c(3220): warning C4244: “return”: 从“ssize_t”转换到“int”，可能丢失数据
E:\workspace\funra\source\3rd\libuv\1.42.0\src\win\fs.c(3231): warning C4244: “return”: 从“ssize_t”转换到“int”，可能丢失数据
E:\workspace\funra\source\3rd\libuv\1.42.0\src\win\fs.c(3234): warning C4244: “return”: 从“ssize_t”转换到“int”，可能丢失数据
E:\workspace\funra\source\3rd\libuv\1.42.0\src\win\fs.c(3241): warning C4244: “return”: 从“ssize_t”转换到“int”，可能丢失数据
E:\workspace\funra\source\3rd\libuv\1.42.0\src\win\fs.c(3253): warning C4244: “return”: 从“ssize_t”转换到“int”，可能丢失数据
E:\workspace\funra\source\3rd\libuv\1.42.0\src\win\fs.c(3256): warning C4244: “return”: 从“ssize_t”转换到“int”，可能丢失数据
E:\workspace\funra\source\3rd\libuv\1.42.0\src\win\fs.c(3263): warning C4244: “return”: 从“ssize_t”转换到“int”，可能丢失数据
E:\workspace\funra\source\3rd\libuv\1.42.0\src\win\fs.c(3270): warning C4244: “return”: 从“ssize_t”转换到“int”，可能丢失数据
E:\workspace\funra\source\3rd\libuv\1.42.0\src\win\fs.c(3279): warning C4244: “return”: 从“ssize_t”转换到“int”，可能丢失数据
E:\workspace\funra\source\3rd\libuv\1.42.0\src\win\fs.c(3303): warning C4244: “return”: 从“ssize_t”转换到“int”，可能丢失数据
E:\workspace\funra\source\3rd\libuv\1.42.0\src\win\fs.c(3307): warning C4244: “return”: 从“ssize_t”转换到“int”，可能丢失数据
E:\workspace\funra\source\3rd\libuv\1.42.0\src\win\fs.c(3317): warning C4267: “=”: 从“size_t”转换到“ULONG”，可能丢失数据
E:\workspace\funra\source\3rd\libuv\1.42.0\src\win\fs.c(3318): warning C4244: “return”: 从“ssize_t”转换到“int”，可能丢失数据
E:\workspace\funra\source\3rd\libuv\1.42.0\src\win\fs.c(3333): warning C4244: “return”: 从“ssize_t”转换到“int”，可能丢失数据
E:\workspace\funra\source\3rd\libuv\1.42.0\src\win\fs.c(3337): warning C4244: “return”: 从“ssize_t”转换到“int”，可能丢失数据
E:\workspace\funra\source\3rd\libuv\1.42.0\src\win\fs.c(3349): warning C4244: “return”: 从“ssize_t”转换到“int”，可能丢失数据
E:\workspace\funra\source\3rd\libuv\1.42.0\src\win\fs.c(3353): warning C4244: “return”: 从“ssize_t”转换到“int”，可能丢失数据
E:\workspace\funra\source\3rd\libuv\1.42.0\src\win\fs.c(3362): warning C4244: “return”: 从“ssize_t”转换到“int”，可能丢失数据
E:\workspace\funra\source\3rd\libuv\1.42.0\src\win\fs.c(3374): warning C4244: “return”: 从“ssize_t”转换到“int”，可能丢失数据
E:\workspace\funra\source\3rd\libuv\1.42.0\src\win\fs.c(3379): warning C4244: “return”: 从“ssize_t”转换到“int”，可能丢失数据
E:\workspace\funra\source\3rd\libuv\1.42.0\src\win\fs.c(3389): warning C4244: “return”: 从“ssize_t”转换到“int”，可能丢失数据
E:\workspace\funra\source\3rd\libuv\1.42.0\src\win\fs.c(3400): warning C4244: “return”: 从“ssize_t”转换到“int”，可能丢失数据
E:\workspace\funra\source\3rd\libuv\1.42.0\src\win\fs.c(3405): warning C4244: “return”: 从“ssize_t”转换到“int”，可能丢失数据
E:\workspace\funra\source\3rd\libuv\1.42.0\src\win\fs.c(3419): warning C4244: “return”: 从“ssize_t”转换到“int”，可能丢失数据
E:\workspace\funra\source\3rd\libuv\1.42.0\src\win\fs.c(3422): warning C4244: “return”: 从“ssize_t”转换到“int”，可能丢失数据
  handle.c
  loop-watcher.c
  pipe.c
e:\workspace\funra\source\3rd\libuv\1.42.0\src\win\fs.c(1109): warning C4701: 使用了可能未初始化的局部变量“original_position”
E:\workspace\funra\source\3rd\libuv\1.42.0\src\win\getaddrinfo.c(132): warning C4267: “+=”: 从“size_t”转换到“int”，可能丢失数据
E:\workspace\funra\source\3rd\libuv\1.42.0\src\win\getaddrinfo.c(434): warning C4267: “函数”: 从“size_t”转换到“int”，可能丢失数据
e:\workspace\funra\source\3rd\libuv\1.42.0\src\win\fs.c(909): warning C4701: 使用了可能未初始化的局部变量“original_position”
  thread.c
  poll.c
  process.c
  process-stdio.c
  signal.c
E:\workspace\funra\source\3rd\libuv\1.42.0\src\win\pipe.c(1283): warning C4244: “函数”: 从“ULONG_PTR”转换到“DWORD”，可能丢失数据
E:\workspace\funra\source\3rd\libuv\1.42.0\src\win\pipe.c(1302): warning C4244: “函数”: 从“ULONG_PTR”转换到“DWORD”，可能丢失数据
E:\workspace\funra\source\3rd\libuv\1.42.0\src\win\pipe.c(2451): warning C4267: “函数”: 从“size_t”转换到“int”，可能丢失数据
e:\workspace\funra\source\3rd\libuv\1.42.0\src\win\pipe.c(828): warning C4701: 使用了可能未初始化的局部变量“duplex_flags”
E:\workspace\funra\source\3rd\libuv\1.42.0\src\win\process.c(633): warning C4244: “=”: 从“__int64”转换到“int”，可能丢失数据
E:\workspace\funra\source\3rd\libuv\1.42.0\src\win\process.c(753): warning C4267: “函数”: 从“size_t”转换到“int”，可能丢失数据
E:\workspace\funra\source\3rd\libuv\1.42.0\src\win\process.c(789): warning C4267: “函数”: 从“size_t”转换到“int”，可能丢失数据
E:\workspace\funra\source\3rd\libuv\1.42.0\src\win\process.c(808): warning C4267: “=”: 从“size_t”转换到“int”，可能丢失数据
e:\workspace\funra\source\3rd\libuv\1.42.0\src\win\thread.c(387): warning C4702: 无法访问的代码
E:\workspace\funra\source\3rd\libuv\1.42.0\src\win\poll.c(494): warning C4244: “=”: 从“int”转换到“unsigned char”，可能丢失数据
  snprintf.c
  stream.c
  tcp.c
  tty.c
  udp.c
e:\workspace\funra\source\3rd\libuv\1.42.0\src\win\process-stdio.c(260): warning C4701: 使用了可能未初始化的局部变量“fdopt”
E:\workspace\funra\source\3rd\libuv\1.42.0\src\win\signal.c(212): warning C4189: “r”: 局部变量已初始化但不引用
  util.c
  winapi.c
  winsock.c
E:\workspace\funra\source\3rd\libuv\1.42.0\src\win\tty.c(986): warning C4244: “初始化”: 从“ULONG_PTR”转换到“DWORD”，可能丢失数据
E:\workspace\funra\source\3rd\libuv\1.42.0\src\win\tty.c(1127): warning C4244: “=”: 从“UINT”转换到“WORD”，可能丢失数据
E:\workspace\funra\source\3rd\libuv\1.42.0\src\win\tty.c(1367): warning C4244: “函数”: 从“int”转换到“unsigned char”，可能丢失数据
E:\workspace\funra\source\3rd\libuv\1.42.0\src\win\tty.c(1368): warning C4244: “函数”: 从“int”转换到“unsigned char”，可能丢失数据
E:\workspace\funra\source\3rd\libuv\1.42.0\src\win\tty.c(1464): warning C4244: “=”: 从“int”转换到“char”，可能丢失数据
E:\workspace\funra\source\3rd\libuv\1.42.0\src\win\tty.c(1473): warning C4244: “=”: 从“int”转换到“char”，可能丢失数据
E:\workspace\funra\source\3rd\libuv\1.42.0\src\win\tty.c(1483): warning C4244: “=”: 从“int”转换到“char”，可能丢失数据
E:\workspace\funra\source\3rd\libuv\1.42.0\src\win\tty.c(1488): warning C4244: “=”: 从“int”转换到“char”，可能丢失数据
E:\workspace\funra\source\3rd\libuv\1.42.0\src\win\tty.c(1575): warning C4244: “=”: 从“int”转换到“SHORT”，可能丢失数据
E:\workspace\funra\source\3rd\libuv\1.42.0\src\win\tty.c(1896): warning C4244: “=”: 从“unsigned int”转换到“unsigned short”，可能丢失数据
E:\workspace\funra\source\3rd\libuv\1.42.0\src\win\tcp.c(361): warning C4244: “函数”: 从“ULONG_PTR”转换到“DWORD”，可能丢失数据
E:\workspace\funra\source\3rd\libuv\1.42.0\src\win\tcp.c(380): warning C4244: “函数”: 从“ULONG_PTR”转换到“DWORD”，可能丢失数据
E:\workspace\funra\source\3rd\libuv\1.42.0\src\win\tty.c(2223): warning C4267: “return”: 从“size_t”转换到“int”，可能丢失数据
e:\workspace\funra\source\3rd\libuv\1.42.0\src\win\tty.c(2415): warning C4702: 无法访问的代码
E:\workspace\funra\source\3rd\libuv\1.42.0\src\win\util.c(255): warning C4267: “函数”: 从“size_t”转换到“int”，可能丢失数据
E:\workspace\funra\source\3rd\libuv\1.42.0\src\win\util.c(268): warning C4267: “函数”: 从“size_t”转换到“DWORD”，可能丢失数据
E:\workspace\funra\source\3rd\libuv\1.42.0\src\win\util.c(278): warning C4267: “函数”: 从“size_t”转换到“DWORD”，可能丢失数据
E:\workspace\funra\source\3rd\libuv\1.42.0\src\win\util.c(333): warning C4245: “return”: 从“int”转换到“uint64_t”，有符号/无符号不匹配
E:\workspace\funra\source\3rd\libuv\1.42.0\src\win\util.c(345): warning C4245: “return”: 从“int”转换到“uint64_t”，有符号/无符号不匹配
E:\workspace\funra\source\3rd\libuv\1.42.0\src\win\util.c(776): warning C4244: “函数”: 从“int”转换到“BYTE”，可能丢失数据
E:\workspace\funra\source\3rd\libuv\1.42.0\src\win\util.c(777): warning C4244: “函数”: 从“int”转换到“BYTE”，可能丢失数据
E:\workspace\funra\source\3rd\libuv\1.42.0\src\win\util.c(778): warning C4244: “函数”: 从“int”转换到“BYTE”，可能丢失数据
E:\workspace\funra\source\3rd\libuv\1.42.0\src\win\util.c(779): warning C4244: “函数”: 从“int”转换到“BYTE”，可能丢失数据
E:\workspace\funra\source\3rd\libuv\1.42.0\src\win\util.c(1216): warning C4267: “函数”: 从“size_t”转换到“DWORD”，可能丢失数据
E:\workspace\funra\source\3rd\libuv\1.42.0\src\win\util.c(1249): warning C4267: “函数”: 从“size_t”转换到“int”，可能丢失数据
E:\workspace\funra\source\3rd\libuv\1.42.0\src\win\util.c(1551): warning C4267: “=”: 从“size_t”转换到“DWORD”，可能丢失数据
E:\workspace\funra\source\3rd\libuv\1.42.0\src\win\util.c(1589): warning C4267: “函数”: 从“size_t”转换到“int”，可能丢失数据
E:\workspace\funra\source\3rd\libuv\1.42.0\src\win\util.c(1917): warning C4244: “=”: 从“int”转换到“char”，可能丢失数据
E:\workspace\funra\source\3rd\libuv\1.42.0\src\win\util.c(1976): warning C4267: “函数”: 从“size_t”转换到“ULONG”，可能丢失数据
e:\workspace\funra\source\3rd\libuv\1.42.0\src\win\winsock.c(518): warning C4701: 使用了可能未初始化的局部变量“iosb”
  uv_a.vcxproj -> E:\workspace\funra\build\lib\Win_x64\3rd\Release\uv_a.lib
