e:\workspace\funra\proj\vs2017\3rd\libuv\1.42.0\uv.dir\release\threadpool.obj
e:\workspace\funra\proj\vs2017\3rd\libuv\1.42.0\uv.dir\release\uv-common.obj
e:\workspace\funra\proj\vs2017\3rd\libuv\1.42.0\uv.dir\release\dl.obj
e:\workspace\funra\proj\vs2017\3rd\libuv\1.42.0\uv.dir\release\handle.obj
e:\workspace\funra\proj\vs2017\3rd\libuv\1.42.0\uv.dir\release\stream.obj
e:\workspace\funra\proj\vs2017\3rd\libuv\1.42.0\uv.dir\release\winsock.obj
e:\workspace\funra\proj\vs2017\3rd\libuv\1.42.0\uv.dir\release\fs-poll.obj
e:\workspace\funra\proj\vs2017\3rd\libuv\1.42.0\uv.dir\release\version.obj
e:\workspace\funra\proj\vs2017\3rd\libuv\1.42.0\uv.dir\release\fs.obj
e:\workspace\funra\proj\vs2017\3rd\libuv\1.42.0\uv.dir\release\poll.obj
e:\workspace\funra\proj\vs2017\3rd\libuv\1.42.0\uv.dir\release\udp.obj
e:\workspace\funra\proj\vs2017\3rd\libuv\1.42.0\uv.dir\release\inet.obj
e:\workspace\funra\proj\vs2017\3rd\libuv\1.42.0\uv.dir\release\timer.obj
e:\workspace\funra\proj\vs2017\3rd\libuv\1.42.0\uv.dir\release\detect-wakeup.obj
e:\workspace\funra\proj\vs2017\3rd\libuv\1.42.0\uv.dir\release\getnameinfo.obj
e:\workspace\funra\proj\vs2017\3rd\libuv\1.42.0\uv.dir\release\process.obj
e:\workspace\funra\proj\vs2017\3rd\libuv\1.42.0\uv.dir\release\tty.obj
e:\workspace\funra\proj\vs2017\3rd\libuv\1.42.0\uv.dir\release\idna.obj
e:\workspace\funra\proj\vs2017\3rd\libuv\1.42.0\uv.dir\release\core.obj
e:\workspace\funra\proj\vs2017\3rd\libuv\1.42.0\uv.dir\release\getaddrinfo.obj
e:\workspace\funra\proj\vs2017\3rd\libuv\1.42.0\uv.dir\release\thread.obj
e:\workspace\funra\proj\vs2017\3rd\libuv\1.42.0\uv.dir\release\process-stdio.obj
e:\workspace\funra\proj\vs2017\3rd\libuv\1.42.0\uv.dir\release\winapi.obj
e:\workspace\funra\proj\vs2017\3rd\libuv\1.42.0\uv.dir\release\strscpy.obj
e:\workspace\funra\proj\vs2017\3rd\libuv\1.42.0\uv.dir\release\uv-data-getter-setters.obj
e:\workspace\funra\proj\vs2017\3rd\libuv\1.42.0\uv.dir\release\error.obj
e:\workspace\funra\proj\vs2017\3rd\libuv\1.42.0\uv.dir\release\loop-watcher.obj
e:\workspace\funra\proj\vs2017\3rd\libuv\1.42.0\uv.dir\release\snprintf.obj
e:\workspace\funra\proj\vs2017\3rd\libuv\1.42.0\uv.dir\release\tcp.obj
e:\workspace\funra\proj\vs2017\3rd\libuv\1.42.0\uv.dir\release\random.obj
e:\workspace\funra\proj\vs2017\3rd\libuv\1.42.0\uv.dir\release\async.obj
e:\workspace\funra\proj\vs2017\3rd\libuv\1.42.0\uv.dir\release\fs-event.obj
e:\workspace\funra\proj\vs2017\3rd\libuv\1.42.0\uv.dir\release\pipe.obj
e:\workspace\funra\proj\vs2017\3rd\libuv\1.42.0\uv.dir\release\signal.obj
e:\workspace\funra\proj\vs2017\3rd\libuv\1.42.0\uv.dir\release\util.obj
e:\workspace\funra\proj\vs2017\3rd\libuv\1.42.0\cmakefiles\generate.stamp
e:\workspace\funra\build\bin\win_x64\uv.dll
e:\workspace\funra\proj\vs2017\3rd\libuv\1.42.0\release\uv.lib
e:\workspace\funra\proj\vs2017\3rd\libuv\1.42.0\release\uv.exp
e:\workspace\funra\proj\vs2017\3rd\libuv\1.42.0\uv.dir\release\uv.tlog\cl.19500.write.1.tlog
e:\workspace\funra\proj\vs2017\3rd\libuv\1.42.0\uv.dir\release\uv.tlog\cl.command.1.tlog
e:\workspace\funra\proj\vs2017\3rd\libuv\1.42.0\uv.dir\release\uv.tlog\cl.read.1.tlog
e:\workspace\funra\proj\vs2017\3rd\libuv\1.42.0\uv.dir\release\uv.tlog\custombuild.command.1.tlog
e:\workspace\funra\proj\vs2017\3rd\libuv\1.42.0\uv.dir\release\uv.tlog\custombuild.read.1.tlog
e:\workspace\funra\proj\vs2017\3rd\libuv\1.42.0\uv.dir\release\uv.tlog\custombuild.write.1.tlog
e:\workspace\funra\proj\vs2017\3rd\libuv\1.42.0\uv.dir\release\uv.tlog\link.command.1.tlog
e:\workspace\funra\proj\vs2017\3rd\libuv\1.42.0\uv.dir\release\uv.tlog\link.read.1.tlog
e:\workspace\funra\proj\vs2017\3rd\libuv\1.42.0\uv.dir\release\uv.tlog\link.write.1.tlog
e:\workspace\funra\proj\vs2017\3rd\libuv\1.42.0\uv.dir\release\uv.tlog\uv.write.1u.tlog
